<?xml version="1.0" encoding="UTF-8"?>
<!-- Generated by org.testng.reporters.JUnitXMLReporter -->
<testsuite hostname="Achus_Machine" ignored="8" name="Test" tests="5" failures="2" timestamp="2021-10-03T23:29:09 IST" time="59.81" errors="0">
  <testcase name="@AfterMethod tearDown" time="0.001" classname="com.demowebshop.automationcore.Base">
    <failure type="java.lang.NullPointerException">
      <![CDATA[java.lang.NullPointerException
at com.demowebshop.automationcore.Base.tearDown(Base.java:107)
at java.util.ArrayList.forEach(ArrayList.java:1259)
... Removed 32 stack frames]]>
    </failure>
  </testcase> <!-- @AfterMethod tearDown -->
  <testcase name="@BeforeMethod setUp" time="-1.633283928472E9" classname="com.demowebshop.automationcore.Base">
    <skipped/>
  </testcase> <!-- @BeforeMethod setUp -->
  <testcase name="@AfterMethod tearDown" time="-1.633283928485E9" classname="com.demowebshop.automationcore.Base">
    <skipped/>
  </testcase> <!-- @AfterMethod tearDown -->
  <testcase name="@AfterMethod tearDown" time="0.001" classname="com.demowebshop.automationcore.Base">
    <failure type="java.lang.NullPointerException">
      <![CDATA[java.lang.NullPointerException
at com.demowebshop.automationcore.Base.tearDown(Base.java:107)
at java.util.ArrayList.forEach(ArrayList.java:1259)
... Removed 32 stack frames]]>
    </failure>
  </testcase> <!-- @AfterMethod tearDown -->
  <testcase name="@BeforeMethod setUp" time="-1.633283948682E9" classname="com.demowebshop.automationcore.Base">
    <skipped/>
  </testcase> <!-- @BeforeMethod setUp -->
  <testcase name="@AfterMethod tearDown" time="-1.633283948692E9" classname="com.demowebshop.automationcore.Base">
    <skipped/>
  </testcase> <!-- @AfterMethod tearDown -->
  <testcase name="verifyHomeTitle" time="0.075" classname="com.demowebshop.testscript.HomeTest"/>
  <testcase name="verifyRegisterPageTitle" time="0.002" classname="com.demowebshop.testscript.RegisterTest">
    <failure type="java.lang.NullPointerException">
      <![CDATA[java.lang.NullPointerException
at com.demowebshop.testscript.RegisterTest.verifyRegisterPageTitle(RegisterTest.java:24)
at java.util.ArrayList.forEach(ArrayList.java:1259)
... Removed 27 stack frames]]>
    </failure>
  </testcase> <!-- verifyRegisterPageTitle -->
  <testcase name="verifyRegistrationId" time="0.0" classname="com.demowebshop.testscript.RegisterTest">
    <skipped/>
  </testcase> <!-- verifyRegistrationId -->
  <testcase name="verifyLoginId" time="0.002" classname="com.demowebshop.testscript.LoginTest">
    <failure type="java.lang.NullPointerException">
      <![CDATA[java.lang.NullPointerException
at com.demowebshop.testscript.LoginTest.verifyLoginId(LoginTest.java:35)
at java.util.ArrayList.forEach(ArrayList.java:1259)
... Removed 27 stack frames]]>
    </failure>
  </testcase> <!-- verifyLoginId -->
  <testcase name="verifyLoginPageTitle" time="0.0" classname="com.demowebshop.testscript.LoginTest">
    <skipped/>
  </testcase> <!-- verifyLoginPageTitle -->
  <testcase name="@BeforeTest setExtentReport" time="0.0" classname="com.demowebshop.extentreport.ExtentReportSetUp">
    <ignored/>
  </testcase> <!-- @BeforeTest setExtentReport -->
  <testcase name="@BeforeTest setExtentReport" time="0.0" classname="com.demowebshop.extentreport.ExtentReportSetUp">
    <ignored/>
  </testcase> <!-- @BeforeTest setExtentReport -->
  <testcase name="@BeforeTest setExtentReport" time="0.0" classname="com.demowebshop.extentreport.ExtentReportSetUp">
    <ignored/>
  </testcase> <!-- @BeforeTest setExtentReport -->
  <testcase name="@BeforeTest setExtentReport" time="0.0" classname="com.demowebshop.extentreport.ExtentReportSetUp">
    <ignored/>
  </testcase> <!-- @BeforeTest setExtentReport -->
  <testcase name="@AfterTest endReport" time="0.0" classname="com.demowebshop.extentreport.ExtentReportSetUp">
    <ignored/>
  </testcase> <!-- @AfterTest endReport -->
  <testcase name="@AfterTest endReport" time="0.0" classname="com.demowebshop.extentreport.ExtentReportSetUp">
    <ignored/>
  </testcase> <!-- @AfterTest endReport -->
  <testcase name="@AfterTest endReport" time="0.0" classname="com.demowebshop.extentreport.ExtentReportSetUp">
    <ignored/>
  </testcase> <!-- @AfterTest endReport -->
  <testcase name="@AfterTest endReport" time="0.0" classname="com.demowebshop.extentreport.ExtentReportSetUp">
    <ignored/>
  </testcase> <!-- @AfterTest endReport -->
</testsuite> <!-- Test -->
